1674912754353|0|statement|connection 0|url jdbc:p6spy:h2:mem:deneb|drop table if exists post cascade |drop table if exists post cascade 
1674912754358|2|statement|connection 0|url jdbc:p6spy:h2:mem:deneb|create table post (id uuid not null, content varchar(255), primary key (id))|create table post (id uuid not null, content varchar(255), primary key (id))
1674912790836|0|statement|connection 10|url jdbc:p6spy:h2:mem:deneb|drop table if exists post cascade |drop table if exists post cascade 
1674912793304|0|statement|connection 0|url jdbc:p6spy:h2:mem:deneb|drop table if exists post cascade |drop table if exists post cascade 
1674912793307|2|statement|connection 0|url jdbc:p6spy:h2:mem:deneb|create table post (id uuid not null, content varchar(255), primary key (id))|create table post (id uuid not null, content varchar(255), primary key (id))
1674912815135|0|statement|connection 10|url jdbc:p6spy:h2:mem:deneb|drop table if exists post cascade |drop table if exists post cascade 
1674912817466|0|statement|connection 0|url jdbc:p6spy:h2:mem:deneb|drop table if exists post cascade |drop table if exists post cascade 
1674912817470|2|statement|connection 0|url jdbc:p6spy:h2:mem:deneb|create table post (id uuid not null, content varchar(255), primary key (id))|create table post (id uuid not null, content varchar(255), primary key (id))
1674912870519|0|statement|connection 10|url jdbc:p6spy:h2:mem:deneb|drop table if exists post cascade |drop table if exists post cascade 
1674912873233|0|statement|connection 0|url jdbc:p6spy:h2:mem:deneb|drop table if exists post cascade |drop table if exists post cascade 
1674912873236|2|statement|connection 0|url jdbc:p6spy:h2:mem:deneb|create table post (id uuid not null, content varchar(255), primary key (id))|create table post (id uuid not null, content varchar(255), primary key (id))
1674912887917|0|statement|connection 10|url jdbc:p6spy:h2:mem:deneb|drop table if exists post cascade |drop table if exists post cascade 
1674912890243|0|statement|connection 0|url jdbc:p6spy:h2:mem:deneb|drop table if exists post cascade |drop table if exists post cascade 
1674912890247|2|statement|connection 0|url jdbc:p6spy:h2:mem:deneb|create table post (id uuid not null, content varchar(255), primary key (id))|create table post (id uuid not null, content varchar(255), primary key (id))
1674912964053|0|statement|connection 10|url jdbc:p6spy:h2:mem:deneb|drop table if exists post cascade |drop table if exists post cascade 
1674912966832|0|statement|connection 0|url jdbc:p6spy:h2:mem:deneb|drop table if exists post cascade |drop table if exists post cascade 
1674912966835|2|statement|connection 0|url jdbc:p6spy:h2:mem:deneb|create table post (id uuid not null, content varchar(255), primary key (id))|create table post (id uuid not null, content varchar(255), primary key (id))
1674912985061|0|statement|connection 10|url jdbc:p6spy:h2:mem:deneb|drop table if exists post cascade |drop table if exists post cascade 
1674912987408|0|statement|connection 0|url jdbc:p6spy:h2:mem:deneb|drop table if exists post cascade |drop table if exists post cascade 
1674912987413|2|statement|connection 0|url jdbc:p6spy:h2:mem:deneb|create table post (id uuid not null, content varchar(255), primary key (id))|create table post (id uuid not null, content varchar(255), primary key (id))
1674913244734|0|statement|connection 10|url jdbc:p6spy:h2:mem:deneb|drop table if exists post cascade |drop table if exists post cascade 
1674913247264|0|statement|connection 0|url jdbc:p6spy:h2:mem:deneb|drop table if exists post cascade |drop table if exists post cascade 
1674913247268|2|statement|connection 0|url jdbc:p6spy:h2:mem:deneb|create table post (id uuid not null, content varchar(255), primary key (id))|create table post (id uuid not null, content varchar(255), primary key (id))
1674913257185|0|statement|connection 10|url jdbc:p6spy:h2:mem:deneb|drop table if exists post cascade |drop table if exists post cascade 
1674913260016|0|statement|connection 0|url jdbc:p6spy:h2:mem:deneb|drop table if exists post cascade |drop table if exists post cascade 
1674913260020|2|statement|connection 0|url jdbc:p6spy:h2:mem:deneb|create table post (id uuid not null, content varchar(255), primary key (id))|create table post (id uuid not null, content varchar(255), primary key (id))
1674913260281|0|statement|connection 0|url jdbc:p6spy:h2:mem:deneb|insert into post (content, id) values (?, ?)|insert into post (content, id) values ('this is content', '2b64244e-b62f-4f87-a31a-124b8487e74b')
1674913260289|0|commit|connection 0|url jdbc:p6spy:h2:mem:deneb||
1674913314945|0|statement|connection 10|url jdbc:p6spy:h2:mem:deneb|drop table if exists post cascade |drop table if exists post cascade 
1674913317312|0|statement|connection 0|url jdbc:p6spy:h2:mem:deneb|drop table if exists post cascade |drop table if exists post cascade 
1674913317316|2|statement|connection 0|url jdbc:p6spy:h2:mem:deneb|create table post (id uuid not null, content varchar(255), primary key (id))|create table post (id uuid not null, content varchar(255), primary key (id))
1674913317578|0|statement|connection 0|url jdbc:p6spy:h2:mem:deneb|insert into post (content, id) values (?, ?)|insert into post (content, id) values ('this is content', '83dec80a-4423-4e8e-a31b-0c32ee53f18b')
1674913317585|0|commit|connection 0|url jdbc:p6spy:h2:mem:deneb||
1674913355102|0|statement|connection 10|url jdbc:p6spy:h2:mem:deneb|drop table if exists post cascade |drop table if exists post cascade 
1674913357864|0|statement|connection 0|url jdbc:p6spy:h2:mem:deneb|drop table if exists post cascade |drop table if exists post cascade 
1674913357867|2|statement|connection 0|url jdbc:p6spy:h2:mem:deneb|create table post (id uuid not null, content varchar(255), primary key (id))|create table post (id uuid not null, content varchar(255), primary key (id))
1674913358150|0|statement|connection 0|url jdbc:p6spy:h2:mem:deneb|insert into post (content, id) values (?, ?)|insert into post (content, id) values ('this is content', 'c8a2abaf-84d7-4db9-9169-d4241f794061')
1674913358158|0|commit|connection 0|url jdbc:p6spy:h2:mem:deneb||
1674913391075|0|statement|connection 10|url jdbc:p6spy:h2:mem:deneb|drop table if exists post cascade |drop table if exists post cascade 
1674913393876|0|statement|connection 0|url jdbc:p6spy:h2:mem:deneb|drop table if exists post cascade |drop table if exists post cascade 
1674913393880|2|statement|connection 0|url jdbc:p6spy:h2:mem:deneb|create table post (id uuid not null, content varchar(255), primary key (id))|create table post (id uuid not null, content varchar(255), primary key (id))
1674913394138|0|statement|connection 0|url jdbc:p6spy:h2:mem:deneb|insert into post (content, id) values (?, ?)|insert into post (content, id) values ('this is content', 'de08228d-0f54-4b92-a8e0-56969e03d326')
1674913394145|0|commit|connection 0|url jdbc:p6spy:h2:mem:deneb||
1674913401027|0|statement|connection 10|url jdbc:p6spy:h2:mem:deneb|drop table if exists post cascade |drop table if exists post cascade 
1674913403294|0|statement|connection 0|url jdbc:p6spy:h2:mem:deneb|drop table if exists post cascade |drop table if exists post cascade 
1674913403298|2|statement|connection 0|url jdbc:p6spy:h2:mem:deneb|create table post (id uuid not null, content varchar(255), primary key (id))|create table post (id uuid not null, content varchar(255), primary key (id))
1674913403557|0|statement|connection 0|url jdbc:p6spy:h2:mem:deneb|insert into post (content, id) values (?, ?)|insert into post (content, id) values ('this is content', 'c7522377-1d65-4d96-8170-92db68e1928e')
1674913403564|0|commit|connection 0|url jdbc:p6spy:h2:mem:deneb||
1674913405248|0|statement|connection 10|url jdbc:p6spy:h2:mem:deneb|drop table if exists post cascade |drop table if exists post cascade 
1674913407743|0|statement|connection 0|url jdbc:p6spy:h2:mem:deneb|drop table if exists post cascade |drop table if exists post cascade 
1674913407747|2|statement|connection 0|url jdbc:p6spy:h2:mem:deneb|create table post (id uuid not null, content varchar(255), primary key (id))|create table post (id uuid not null, content varchar(255), primary key (id))
1674913408031|0|statement|connection 0|url jdbc:p6spy:h2:mem:deneb|insert into post (content, id) values (?, ?)|insert into post (content, id) values ('this is content', '97ec672e-73ea-4aa6-9bdb-3c53610c8e9e')
1674913408038|0|commit|connection 0|url jdbc:p6spy:h2:mem:deneb||
1674913411140|0|statement|connection 10|url jdbc:p6spy:h2:mem:deneb|drop table if exists post cascade |drop table if exists post cascade 
1674913480934|0|statement|connection 0|url jdbc:p6spy:h2:mem:deneb|drop table if exists post cascade |drop table if exists post cascade 
1674913480939|2|statement|connection 0|url jdbc:p6spy:h2:mem:deneb|create table post (id uuid not null, content varchar(255), primary key (id))|create table post (id uuid not null, content varchar(255), primary key (id))
1674913481226|0|statement|connection 0|url jdbc:p6spy:h2:mem:deneb|insert into post (content, id) values (?, ?)|insert into post (content, id) values ('this is content', '0cdc0ea4-e8f1-45db-806f-9e772ac0d568')
1674913481234|0|commit|connection 0|url jdbc:p6spy:h2:mem:deneb||
1674913484834|0|statement|connection 10|url jdbc:p6spy:h2:mem:deneb|drop table if exists post cascade |drop table if exists post cascade 
1674913487550|0|statement|connection 0|url jdbc:p6spy:h2:mem:deneb|drop table if exists post cascade |drop table if exists post cascade 
1674913487554|2|statement|connection 0|url jdbc:p6spy:h2:mem:deneb|create table post (id uuid not null, content varchar(255), primary key (id))|create table post (id uuid not null, content varchar(255), primary key (id))
1674913487810|1|statement|connection 0|url jdbc:p6spy:h2:mem:deneb|insert into post (content, id) values (?, ?)|insert into post (content, id) values ('this is content', 'e2eef66e-e58e-4927-aaf6-91724a08fab0')
1674913487817|0|commit|connection 0|url jdbc:p6spy:h2:mem:deneb||
1674913514193|0|statement|connection 10|url jdbc:p6spy:h2:mem:deneb|drop table if exists post cascade |drop table if exists post cascade 
2023-01-28 22:45:17 | OperationTime0ms|
:
    drop table if exists post cascade 
2023-01-28 22:45:17 | OperationTime2ms|
:
    create table post (
       id uuid not null,
        content varchar(255),
        primary key (id)
    )
2023-01-28 22:45:17 | OperationTime0ms|
:
    insert 
    into
        post
        (content, id) 
    values
        ('this is content', '8e4e0fa6-e9cf-4145-ac78-c09791b21735')
2023-01-28 22:45:17 | OperationTime0ms
2023-01-28 22:45:32 | OperationTime0ms|
:
    drop table if exists post cascade 
2023-01-28 22:45:48 | OperationTime0ms|
:
    drop table if exists post cascade 
2023-01-28 22:45:48 | OperationTime2ms|
:
    create table post (
       id uuid not null,
        content varchar(255),
        primary key (id)
    )
2023-01-28 22:45:48 | OperationTime0ms|
:
    insert 
    into
        post
        (content, id) 
    values
        ('this is content', '3ee17115-9a9b-4756-a54e-05567d0e1ea6')
2023-01-28 22:45:48 | OperationTime0ms
2023-01-28 22:58:57 | OperationTime0ms|
:
    drop table if exists post cascade 
1674914340240|0|statement|connection 0|url jdbc:p6spy:h2:mem:deneb|drop table if exists post cascade |drop table if exists post cascade 
1674914340244|2|statement|connection 0|url jdbc:p6spy:h2:mem:deneb|create table post (id uuid not null, content varchar(255), primary key (id))|create table post (id uuid not null, content varchar(255), primary key (id))
1674914340499|0|statement|connection 0|url jdbc:p6spy:h2:mem:deneb|insert into post (content, id) values (?, ?)|insert into post (content, id) values ('this is content', 'c7cd6f84-b2bb-46c6-941e-45b842087d30')
1674914340505|0|commit|connection 0|url jdbc:p6spy:h2:mem:deneb||
1674914363583|0|statement|connection 10|url jdbc:p6spy:h2:mem:deneb|drop table if exists post cascade |drop table if exists post cascade 
1674914366488|0|statement|connection 0|url jdbc:p6spy:h2:mem:deneb|drop table if exists post cascade |drop table if exists post cascade 
1674914366492|2|statement|connection 0|url jdbc:p6spy:h2:mem:deneb|create table post (id uuid not null, content varchar(255), primary key (id))|create table post (id uuid not null, content varchar(255), primary key (id))
1674914366750|0|statement|connection 0|url jdbc:p6spy:h2:mem:deneb|insert into post (content, id) values (?, ?)|insert into post (content, id) values ('this is content', '3efd7f07-f3a6-46f2-b681-bccd369c2bed')
1674914366756|0|commit|connection 0|url jdbc:p6spy:h2:mem:deneb||
1674914376929|0|statement|connection 10|url jdbc:p6spy:h2:mem:deneb|drop table if exists post cascade |drop table if exists post cascade 
1674914379635|0|statement|connection 0|url jdbc:p6spy:h2:mem:deneb|drop table if exists post cascade |drop table if exists post cascade 
1674914379639|2|statement|connection 0|url jdbc:p6spy:h2:mem:deneb|create table post (id uuid not null, content varchar(255), primary key (id))|create table post (id uuid not null, content varchar(255), primary key (id))
1674914379899|0|statement|connection 0|url jdbc:p6spy:h2:mem:deneb|insert into post (content, id) values (?, ?)|insert into post (content, id) values ('this is content', '0939dbe1-0f1d-43bd-8e10-f6225b860226')
1674914379905|0|commit|connection 0|url jdbc:p6spy:h2:mem:deneb||
1674914634848|0|statement|connection 10|url jdbc:p6spy:h2:mem:deneb|drop table if exists post cascade |drop table if exists post cascade 
1674914637784|0|statement|connection 0|url jdbc:p6spy:h2:mem:deneb|drop table if exists post cascade |drop table if exists post cascade 
1674914637788|2|statement|connection 0|url jdbc:p6spy:h2:mem:deneb|create table post (id uuid not null, content varchar(255), primary key (id))|create table post (id uuid not null, content varchar(255), primary key (id))
1674914638052|0|statement|connection 0|url jdbc:p6spy:h2:mem:deneb|insert into post (content, id) values (?, ?)|insert into post (content, id) values ('this is content', 'e82f4855-4739-452b-8ed9-50cea2d5138d')
1674914638059|0|commit|connection 0|url jdbc:p6spy:h2:mem:deneb||
1674914735467|0|statement|connection 10|url jdbc:p6spy:h2:mem:deneb|drop table if exists post cascade |drop table if exists post cascade 
1674914738177|0|statement|connection 0|url jdbc:p6spy:h2:mem:deneb|drop table if exists post cascade |drop table if exists post cascade 
1674914738181|2|statement|connection 0|url jdbc:p6spy:h2:mem:deneb|create table post (id uuid not null, content varchar(255), primary key (id))|create table post (id uuid not null, content varchar(255), primary key (id))
1674914738435|0|statement|connection 0|url jdbc:p6spy:h2:mem:deneb|insert into post (content, id) values (?, ?)|insert into post (content, id) values ('this is content', '764364af-dace-45c8-a31c-0489f45b47d2')
1674914738442|0|commit|connection 0|url jdbc:p6spy:h2:mem:deneb||
1674914884168|0|statement|connection 10|url jdbc:p6spy:h2:mem:deneb|drop table if exists post cascade |drop table if exists post cascade 
1674914886986|0|statement|connection 0|url jdbc:p6spy:h2:mem:deneb|drop table if exists post cascade |drop table if exists post cascade 
1674914886990|2|statement|connection 0|url jdbc:p6spy:h2:mem:deneb|create table post (id uuid not null, content varchar(255), primary key (id))|create table post (id uuid not null, content varchar(255), primary key (id))
2023-01-28 23:08:07 | OperationTime0ms|
:
    insert 
    into
        post
        (content, id) 
    values
        ('this is content', '23b79dfb-d17b-4dcc-8854-918b6edef733')
2023-01-28 23:08:07 | OperationTime0ms
2023-01-28 23:08:14 | OperationTime0ms|
:
    drop table if exists post cascade 
1674914897071|0|statement|connection 0|url jdbc:p6spy:h2:mem:deneb|drop table if exists post cascade |drop table if exists post cascade 
1674914897075|2|statement|connection 0|url jdbc:p6spy:h2:mem:deneb|create table post (id uuid not null, content varchar(255), primary key (id))|create table post (id uuid not null, content varchar(255), primary key (id))
2023-01-28 23:08:17 | OperationTime0ms|
:
    insert 
    into
        post
        (content, id) 
    values
        ('this is content', '40ecbb85-71b1-4f3f-b7fe-c85b7fd76f37')
2023-01-28 23:08:17 | OperationTime0ms
2023-01-28 23:08:18 | OperationTime0ms|
:
    drop table if exists post cascade 
1674914901025|0|statement|connection 0|url jdbc:p6spy:h2:mem:deneb|drop table if exists post cascade |drop table if exists post cascade 
1674914901029|2|statement|connection 0|url jdbc:p6spy:h2:mem:deneb|create table post (id uuid not null, content varchar(255), primary key (id))|create table post (id uuid not null, content varchar(255), primary key (id))
2023-01-28 23:08:41 | OperationTime0ms|
:
    insert 
    into
        post
        (content, id) 
    values
        ('this is content', 'b8afb09b-6bff-4e80-ad03-ff3d1ee4ecc9')
2023-01-28 23:08:41 | OperationTime0ms
2023-01-28 23:12:05 | OperationTime0ms|
:
    drop table if exists post cascade 
1674915132649|0|statement|connection 0|url jdbc:p6spy:h2:mem:deneb|drop table if exists post cascade |drop table if exists post cascade 
1674915132653|2|statement|connection 0|url jdbc:p6spy:h2:mem:deneb|create table post (id uuid not null, content varchar(255), primary key (id))|create table post (id uuid not null, content varchar(255), primary key (id))
2023-01-28 23:12:12 | OperationTime0ms|
:
    insert 
    into
        post
        (content, id) 
    values
        ('this is content', 'deedbc81-6b01-4dcc-8553-f1e06e586919')
2023-01-28 23:12:12 | OperationTime0ms
2023-01-28 23:12:41 | OperationTime0ms|
:
    drop table if exists post cascade 
1674915164884|0|statement|connection 0|url jdbc:p6spy:h2:mem:deneb|drop table if exists post cascade |drop table if exists post cascade 
1674915164888|2|statement|connection 0|url jdbc:p6spy:h2:mem:deneb|create table post (id uuid not null, content varchar(255), primary key (id))|create table post (id uuid not null, content varchar(255), primary key (id))
2023-01-28 23:12:45 | OperationTime0ms|
:
    insert 
    into
        post
        (content, id) 
    values
        ('this is content', '6fb1f241-2fb4-42e1-adaa-63fee53de140')
2023-01-28 23:12:45 | OperationTime0ms
2023-01-28 23:13:49 | OperationTime0ms|
:
    drop table if exists post cascade 
1674915232005|0|statement|connection 0|url jdbc:p6spy:h2:mem:deneb|drop table if exists post cascade |drop table if exists post cascade 
1674915232009|2|statement|connection 0|url jdbc:p6spy:h2:mem:deneb|create table post (id uuid not null, content varchar(255), primary key (id))|create table post (id uuid not null, content varchar(255), primary key (id))
2023-01-28 23:13:52 | OperationTime0ms|
:
    insert 
    into
        post
        (content, id) 
    values
        ('this is content', '5d9258b1-309b-4230-91e4-863cdcaffdf6')
2023-01-28 23:13:52 | OperationTime0ms
2023-01-28 23:15:01 | OperationTime0ms|
:
    drop table if exists post cascade 
1674915304088|0|statement|connection 0|url jdbc:p6spy:h2:mem:deneb|drop table if exists post cascade |drop table if exists post cascade 
1674915304092|2|statement|connection 0|url jdbc:p6spy:h2:mem:deneb|create table post (id uuid not null, content varchar(255), primary key (id))|create table post (id uuid not null, content varchar(255), primary key (id))
2023-01-28 23:15:04 | OperationTime0ms|
:
    insert 
    into
        post
        (content, id) 
    values
        ('this is content', '768524de-a6aa-4e55-a470-a55f89bac26b')
2023-01-28 23:15:04 | OperationTime0ms
2023-01-28 23:15:21 | OperationTime0ms|
:
    drop table if exists post cascade 
1674915323956|0|statement|connection 0|url jdbc:p6spy:h2:mem:deneb|drop table if exists post cascade |drop table if exists post cascade 
1674915323960|2|statement|connection 0|url jdbc:p6spy:h2:mem:deneb|create table post (id uuid not null, content varchar(255), primary key (id))|create table post (id uuid not null, content varchar(255), primary key (id))
2023-01-28 23:15:24 | OperationTime0ms|
:
    insert 
    into
        post
        (content, id) 
    values
        ('this is content', '9d876385-1ac8-4ab5-a926-22815db1568a')
2023-01-28 23:15:24 | OperationTime0ms
2023-01-28 23:16:53 | OperationTime0ms|
:
    drop table if exists post cascade 
1674915416190|0|statement|connection 0|url jdbc:p6spy:h2:mem:deneb|drop table if exists post cascade |drop table if exists post cascade 
1674915416194|2|statement|connection 0|url jdbc:p6spy:h2:mem:deneb|create table post (id uuid not null, content varchar(255), primary key (id))|create table post (id uuid not null, content varchar(255), primary key (id))
2023-01-28 23:16:56 | OperationTime0ms|
:
    insert 
    into
        post
        (content, id) 
    values
        ('this is content', 'e56efaaa-4449-4586-a721-7e215aa6c313')
2023-01-28 23:16:56 | OperationTime0ms
2023-01-28 23:17:09 | OperationTime0ms|
:
    drop table if exists post cascade 
1674915432760|0|statement|connection 0|url jdbc:p6spy:h2:mem:deneb|drop table if exists post cascade |drop table if exists post cascade 
1674915432764|2|statement|connection 0|url jdbc:p6spy:h2:mem:deneb|create table post (id uuid not null, content varchar(255), primary key (id))|create table post (id uuid not null, content varchar(255), primary key (id))
2023-01-28 23:17:13 | OperationTime0ms|
:
    insert 
    into
        post
        (content, id) 
    values
        ('this is content', 'fc3528c6-3404-4025-a5b4-da12e0319736')
2023-01-28 23:17:13 | OperationTime0ms
2023-01-28 23:19:47 | OperationTime0ms|
:
    drop table if exists post cascade 
1674915758228|0|statement|connection 0|url jdbc:p6spy:h2:mem:deneb|drop table if exists post cascade |drop table if exists post cascade 
1674915758232|2|statement|connection 0|url jdbc:p6spy:h2:mem:deneb|create table post (id uuid not null, content varchar(255), primary key (id))|create table post (id uuid not null, content varchar(255), primary key (id))
2023-01-28 23:22:38 | OperationTime0ms|
:
    insert 
    into
        post
        (content, id) 
    values
        ('this is content', '18256a1c-745a-4d53-a298-a4bbddbb3b56')
2023-01-28 23:22:38 | OperationTime0ms
2023-01-28 23:23:00 | OperationTime0ms|
:
    drop table if exists post cascade 
